-------------------------------------------------------------------------------
Test set: org.solent.com504.oodd.bank.client.test.manual.BankClientTest
-------------------------------------------------------------------------------
Tests run: 2, Failures: 0, Errors: 2, Skipped: 0, Time elapsed: 9.749 s <<< FAILURE! - in org.solent.com504.oodd.bank.client.test.manual.BankClientTest
testClientAuth(org.solent.com504.oodd.bank.client.test.manual.BankClientTest)  Time elapsed: 4.896 s  <<< ERROR!
javax.ws.rs.ProcessingException: java.net.ConnectException: Connection refused: connect
	at org.solent.com504.oodd.bank.client.test.manual.BankClientTest.testClientAuth(BankClientTest.java:77)
Caused by: java.net.ConnectException: Connection refused: connect
	at org.solent.com504.oodd.bank.client.test.manual.BankClientTest.testClientAuth(BankClientTest.java:77)

testClient(org.solent.com504.oodd.bank.client.test.manual.BankClientTest)  Time elapsed: 4.135 s  <<< ERROR!
javax.ws.rs.ProcessingException: java.net.ConnectException: Connection refused: connect
	at org.solent.com504.oodd.bank.client.test.manual.BankClientTest.testClient(BankClientTest.java:61)
Caused by: java.net.ConnectException: Connection refused: connect
	at org.solent.com504.oodd.bank.client.test.manual.BankClientTest.testClient(BankClientTest.java:61)

