<?xml version="1.0" encoding="UTF-8"?>
<testsuite xmlns:xsi="http://www.w3.org/2001/XMLSchema-instance" xsi:noNamespaceSchemaLocation="https://maven.apache.org/surefire/maven-surefire-plugin/xsd/surefire-test-report-3.0.xsd" version="3.0" name="org.solent.com504.oodd.bank.client.test.manual.BankClientTest" time="9.749" tests="2" errors="2" skipped="0" failures="0">
  <properties>
[...]
</properties>
  <testcase name="testClientAuth" classname="org.solent.com504.oodd.bank.client.test.manual.BankClientTest" time="4.896">
    <error message="java.net.ConnectException: Connection refused: connect" type="javax.ws.rs.ProcessingException">javax.ws.rs.ProcessingException: java.net.ConnectException: Connection refused: connect
	at org.solent.com504.oodd.bank.client.test.manual.BankClientTest.testClientAuth(BankClientTest.java:77)
Caused by: java.net.ConnectException: Connection refused: connect
	at org.solent.com504.oodd.bank.client.test.manual.BankClientTest.testClientAuth(BankClientTest.java:77)
</error>
    <system-out><![CDATA[12:25:00.126 [main] DEBUG org.solent.com504.oodd.bank.client.impl.BankRestClientImpl - transferMoney called: 
]]></system-out>
  </testcase>
  <testcase name="testClient" classname="org.solent.com504.oodd.bank.client.test.manual.BankClientTest" time="4.135">
    <error message="java.net.ConnectException: Connection refused: connect" type="javax.ws.rs.ProcessingException">javax.ws.rs.ProcessingException: java.net.ConnectException: Connection refused: connect
	at org.solent.com504.oodd.bank.client.test.manual.BankClientTest.testClient(BankClientTest.java:61)
Caused by: java.net.ConnectException: Connection refused: connect
	at org.solent.com504.oodd.bank.client.test.manual.BankClientTest.testClient(BankClientTest.java:61)
</error>
    <system-out><![CDATA[12:25:05.015 [main] DEBUG org.solent.com504.oodd.bank.client.impl.BankRestClientImpl - transferMoney called: 
]]></system-out>
  </testcase>
</testsuite>